<?xml version="1.0" encoding="UTF-8"?>
<robot generator="Robot 5.0.1 (Python 3.8.2 on darwin)" generated="20220726 12:50:34.746" rpa="false" schemaversion="3">
<suite id="s1" name="Google" source="/Users/mithunroy/Documents/Robot_Batch_2/testscripts/google.robot">
<test id="s1-t1" name="TC_0" line="17">
<kw name="Open Browser" library="SeleniumLibrary">
<arg>${appurl}</arg>
<arg>${browsername}</arg>
<doc>Opens a new browser instance to the optional ``url``.</doc>
<msg timestamp="20220726 12:50:36.211" level="INFO">Opening browser 'chrome' to base url 'https://www.arisglobal.com/'.</msg>
<status status="PASS" starttime="20220726 12:50:36.196" endtime="20220726 12:50:52.537"/>
</kw>
<kw name="Maximize Browser Window" library="SeleniumLibrary">
<doc>Maximizes current browser window.</doc>
<status status="PASS" starttime="20220726 12:50:52.540" endtime="20220726 12:50:54.879"/>
</kw>
<kw name="Get Title" library="SeleniumLibrary">
<var>${Title}</var>
<doc>Returns the title of the current page.</doc>
<msg timestamp="20220726 12:50:54.896" level="INFO">${Title} = Homepage | ArisGlobal</msg>
<status status="PASS" starttime="20220726 12:50:54.879" endtime="20220726 12:50:54.897"/>
</kw>
<kw name="Log To Console" library="BuiltIn">
<arg>${Title}</arg>
<doc>Logs the given message to the console.</doc>
<status status="PASS" starttime="20220726 12:50:54.897" endtime="20220726 12:50:54.898"/>
</kw>
<kw name="Get Text" library="SeleniumLibrary">
<var>${header}</var>
<arg>//h2[contains(.,'Delivering safer')]</arg>
<doc>Returns the text value of the element identified by ``locator``.</doc>
<msg timestamp="20220726 12:50:55.258" level="INFO">${header} = Delivering safer, faster breakthroughs</msg>
<status status="PASS" starttime="20220726 12:50:54.899" endtime="20220726 12:50:55.258"/>
</kw>
<kw name="Log To Console" library="BuiltIn">
<arg>${header}</arg>
<doc>Logs the given message to the console.</doc>
<status status="PASS" starttime="20220726 12:50:55.263" endtime="20220726 12:50:55.270"/>
</kw>
<kw name="Should Be Equal" library="BuiltIn">
<arg>${Title}</arg>
<arg>Homepage | ArisGlobal</arg>
<doc>Fails if the given objects are unequal.</doc>
<status status="PASS" starttime="20220726 12:50:55.276" endtime="20220726 12:50:55.281"/>
</kw>
<kw name="Mouse Over" library="SeleniumLibrary">
<arg>//nav[@class='site-header-large__menu']/ul/li/a[contains(.,'LifeSphere')]</arg>
<doc>Simulates hovering the mouse over the element ``locator``.</doc>
<msg timestamp="20220726 12:50:55.297" level="INFO">Simulating Mouse Over on element '//nav[@class='site-header-large__menu']/ul/li/a[contains(.,'LifeSphere')]'.</msg>
<status status="PASS" starttime="20220726 12:50:55.296" endtime="20220726 12:50:55.815"/>
</kw>
<kw name="Sleep" library="BuiltIn">
<arg>2</arg>
<doc>Pauses the test executed for the given time.</doc>
<msg timestamp="20220726 12:50:57.817" level="INFO">Slept 2 seconds</msg>
<status status="PASS" starttime="20220726 12:50:55.815" endtime="20220726 12:50:57.817"/>
</kw>
<kw name="Mouse Over" library="SeleniumLibrary">
<arg>//span[text()='LifeSphere Medical Affairs']</arg>
<doc>Simulates hovering the mouse over the element ``locator``.</doc>
<msg timestamp="20220726 12:50:57.818" level="INFO">Simulating Mouse Over on element '//span[text()='LifeSphere Medical Affairs']'.</msg>
<status status="PASS" starttime="20220726 12:50:57.818" endtime="20220726 12:50:58.146"/>
</kw>
<kw name="Sleep" library="BuiltIn">
<arg>2</arg>
<doc>Pauses the test executed for the given time.</doc>
<msg timestamp="20220726 12:51:00.148" level="INFO">Slept 2 seconds</msg>
<status status="PASS" starttime="20220726 12:50:58.146" endtime="20220726 12:51:00.148"/>
</kw>
<kw name="Click Element" library="SeleniumLibrary">
<arg>//a[text()='Reporter']</arg>
<doc>Click the element identified by ``locator``.</doc>
<msg timestamp="20220726 12:51:00.149" level="INFO">Clicking element '//a[text()='Reporter']'.</msg>
<status status="PASS" starttime="20220726 12:51:00.149" endtime="20220726 12:51:08.664"/>
</kw>
<kw name="Sleep" library="BuiltIn">
<arg>5</arg>
<doc>Pauses the test executed for the given time.</doc>
<msg timestamp="20220726 12:51:13.665" level="INFO">Slept 5 seconds</msg>
<status status="PASS" starttime="20220726 12:51:08.664" endtime="20220726 12:51:13.666"/>
</kw>
<kw name="Close All Browsers" library="SeleniumLibrary">
<doc>Closes all open browsers and resets the browser cache.</doc>
<status status="PASS" starttime="20220726 12:51:13.666" endtime="20220726 12:51:14.214"/>
</kw>
<status status="PASS" starttime="20220726 12:50:36.160" endtime="20220726 12:51:14.215"/>
</test>
<status status="PASS" starttime="20220726 12:50:34.759" endtime="20220726 12:51:14.220"/>
</suite>
<statistics>
<total>
<stat pass="1" fail="0" skip="0">All Tests</stat>
</total>
<tag>
</tag>
<suite>
<stat pass="1" fail="0" skip="0" id="s1" name="Google">Google</stat>
</suite>
</statistics>
<errors>
</errors>
</robot>
