<?xml version="1.0" encoding="UTF-8"?>
<robot generator="Robot 5.0.1 (Python 3.8.2 on darwin)" generated="20220725 11:57:59.785" rpa="false" schemaversion="3">
<suite id="s1" name="Testscripts" source="/Users/mithunroy/Documents/Robot_Batch_2/testscripts">
<suite id="s1-s1" name="Runtestusingtags Copy" source="/Users/mithunroy/Documents/Robot_Batch_2/testscripts/runtestusingtags copy.robot">
<test id="s1-s1-t1" name="Test Case 1" line="9">
<kw name="Log To Console" library="BuiltIn">
<arg>Test Cse 1</arg>
<doc>Logs the given message to the console.</doc>
<status status="PASS" starttime="20220725 11:57:59.861" endtime="20220725 11:57:59.864"/>
</kw>
<tag>Regression1</tag>
<status status="PASS" starttime="20220725 11:57:59.860" endtime="20220725 11:57:59.865"/>
</test>
<status status="PASS" starttime="20220725 11:57:59.852" endtime="20220725 11:57:59.870"/>
</suite>
<status status="PASS" starttime="20220725 11:57:59.789" endtime="20220725 11:57:59.873"/>
</suite>
<statistics>
<total>
<stat pass="1" fail="0" skip="0">All Tests</stat>
</total>
<tag>
<stat pass="1" fail="0" skip="0">Regression1</stat>
</tag>
<suite>
<stat pass="1" fail="0" skip="0" id="s1" name="Testscripts">Testscripts</stat>
<stat pass="1" fail="0" skip="0" id="s1-s1" name="Runtestusingtags Copy">Testscripts.Runtestusingtags Copy</stat>
</suite>
</statistics>
<errors>
</errors>
</robot>
